<?xml version="1.0" encoding="UTF-8"?>
<!-- Generated by org.testng.reporters.JUnitXMLReporter -->
<testsuite ignored="1" hostname="saif" failures="1" tests="1" name="Oct batch tests(failed)" time="0.11" errors="0" timestamp="2022-11-15T11:03:28 IST">
  <testcase classname="seleniumtests.AseertionsDemo" name="myTest1" time="0.012">
    <failure type="java.lang.AssertionError" message="expected [Test Automation] but found [Test]">
      <![CDATA[java.lang.AssertionError: expected [Test Automation] but found [Test]
at seleniumtests.AseertionsDemo.myTest1(AseertionsDemo.java:23)
at java.base/java.util.ArrayList.forEach(ArrayList.java:1511)
... Removed 33 stack frames]]>
    </failure>
  </testcase> <!-- myTest1 -->
  <testcase classname="seleniumtests.AseertionsDemo" name="myTest2" time="0.0">
    <ignored/>
  </testcase> <!-- myTest2 -->
</testsuite> <!-- Oct batch tests(failed) -->
